Grading r32263 by enx-cs225autograder committed on Fri Oct 14 02:21:30 CDT 2016
Monad Autograder
Testing mp4 at 2016-10-15 01:26:12

"Recursion is magic. " ~ Prof. Jeff Erickson | "Recursion is NOT magic." ~ Prof. Craig Zilles 

Setting up test environment...
Compiling...
================================================================


Running tests...
================================================================
testStackPushPeek  . . . . . . . [1 pts] - passed
testStackPushPop . . . . . . . . [1 pts] - passed
testStackManyPushesPeek  . . . . [1 pts] - passed
testStackManyPushesTwoPops . . . [1 pts] - passed
testStackManyOperations  . . . . [1 pts] - passed
testStackDuplicateElements . . . [1 pts] - passed
testQueueEnqueuePeek . . . . . . [1 pts] - passed
testQueueEnqueueDequeue  . . . . [1 pts] - passed
testQueueManyEnqueuesPeek  . . . [1 pts] - passed
testQueueManyEnqueuesTwoDequeues [1 pts] - passed
testQueueManyOperations  . . . . [1 pts] - passed
stack_peek_1 . . . . . . . . . . [1 pts] - passed
stack_pop_peek_1 . . . . . . . . [1 pts] - passed
stack_pop_2  . . . . . . . . . . [2 pts] - passed
stack_isEmpty_1  . . . . . . . . [1 pts] - passed
stack_isEmpty_2  . . . . . . . . [1 pts] - passed
stack_push_pop_isEmpty . . . . . [2 pts] - passed
stack_push_and_pop . . . . . . . [2 pts] - passed
queue_peek_1 . . . . . . . . . . [1 pts] - passed
queue_dequeue_peek_1 . . . . . . [2 pts] - passed
queue_dequeue_2  . . . . . . . . [2 pts] - passed
queue_isEmpty_1  . . . . . . . . [1 pts] - passed
queue_isEmpty_2  . . . . . . . . [1 pts] - passed
queue_enqueue_dequeue_isEmpty  . [2 pts] - passed
queue_enqueue_and_dequeue  . . . [2 pts] - passed
testThroughStackQueue  . . . . . [2 pts] - passed
testEnqueueConstantTime  . . . . [2 pts] - passed
testDequeueConstantTime  . . . . [2 pts] - passed
testEnqueuePeekDequeueTime . . . [2 pts] - passed
solid_picker_15  . . . . . . . . [4 pts] - passed
gradient_picker_16 . . . . . . . [4 pts] - passed
gradient_picker_17 . . . . . . . [4 pts] - passed
DFS_solid  . . . . . . . . . . . [4 pts] - passed
BFS_solid  . . . . . . . . . . . [4 pts] - passed
DFS_grid . . . . . . . . . . . . [4 pts] - passed
BFS_grid . . . . . . . . . . . . [4 pts] - passed
DFS_gradient . . . . . . . . . . [4 pts] - passed
BFS_gradient . . . . . . . . . . [4 pts] - passed
DFS_18 . . . . . . . . . . . . . [2 pts] - passed
DFS_19 . . . . . . . . . . . . . [2 pts] - passed
DFS_20 . . . . . . . . . . . . . [2 pts] - passed
DFS_21 . . . . . . . . . . . . . [2 pts] - FAILED: unit_tests.cpp:713: Images differ too much at point (4, 5)
DFS_22 . . . . . . . . . . . . . [2 pts] - passed
DFS_23 . . . . . . . . . . . . . [2 pts] - passed
BFS_24 . . . . . . . . . . . . . [2 pts] - passed
BFS_25 . . . . . . . . . . . . . [2 pts] - passed
BFS_26 . . . . . . . . . . . . . [2 pts] - passed
BFS_27 . . . . . . . . . . . . . [2 pts] - passed
BFS_28 . . . . . . . . . . . . . [2 pts] - passed
BFS_29 . . . . . . . . . . . . . [2 pts] - passed


Total score...
================================================================
TOTAL SCORE: 98



Detailed test output...
================================================================
----------------------------------------------------------------
DFS_21 [2 points]
Result: FAILED: unit_tests.cpp:713: Images differ too much at point (4, 5)
Took 0ms (10000ms timeout)
Output:
----------------------------------------------------------------
Images differ too much at point (4, 5).
soln: R=110 G=32 B=250
yours: R=255 G=255 B=255


----------------------------------------------------------------
Total score...
================================================================
TOTAL SCORE: 98

